[2025-10-13 21:44:34,266] Output directory: /Users/randallnoval/Code/AppletScriptorium/runs/alert-20251013-214431
[2025-10-13 21:44:34,540] OK: wrote alert 68ecf9a7.050a0220.7e6d8.83f8googlealerts@google.com to /Users/randallnoval/Code/AppletScriptorium/runs/alert-20251013-214431/alert.eml
[2025-10-13 21:44:34,541] Extracting link metadata
[2025-10-13 21:44:34,550] [fetch] https://ascopubs.org/doi/10.1200/OP.2025.21.10_suppl.391
[2025-10-13 21:44:34,550] [fetch] https://www.jacc.org/doi/10.1016/j.jacadv.2025.102204
[2025-10-13 21:44:34,550] [fetch] https://ascopubs.org/doi/10.1200/OA-25-00051
[2025-10-13 21:44:34,551] [fetch] https://www.medrxiv.org/content/10.1101/2025.10.07.25337194v1
[2025-10-13 21:44:34,551] [fetch] https://www.sciencedirect.com/science/article/pii/S2666638325002804
[2025-10-13 21:44:34,872] HTTP Request: GET https://ascopubs.org/doi/10.1200/OA-25-00051 "HTTP/1.1 403 Forbidden"
[2025-10-13 21:44:34,878] HTTP Request: GET https://ascopubs.org/doi/10.1200/OP.2025.21.10_suppl.391 "HTTP/1.1 403 Forbidden"
[2025-10-13 21:44:34,884] HTTP Request: GET https://www.medrxiv.org/content/10.1101/2025.10.07.25337194v1 "HTTP/1.1 403 Forbidden"
[2025-10-13 21:44:34,892] HTTP Request: GET https://www.jacc.org/doi/10.1016/j.jacadv.2025.102204 "HTTP/1.1 403 Forbidden"
[2025-10-13 21:44:35,170] HTTP Request: GET https://www.sciencedirect.com/science/article/pii/S2666638325002804 "HTTP/1.1 200 OK"
[2025-10-13 21:44:52,296] [summarize] Strong Correlation of PROMIS Upper Extremity and Shoulder Arthroplasty Smart Score to ...
[2025-10-13 21:44:52,298] [fetch] https://www.jacc.org/doi/abs/10.1016/j.jacadv.2025.102204
[2025-10-13 21:44:52,463] HTTP Request: GET https://www.jacc.org/doi/abs/10.1016/j.jacadv.2025.102204 "HTTP/1.1 403 Forbidden"
[2025-10-13 21:44:58,556] [summarize] Patient-Reported Outcome Measures in Individuals With Hereditary or Sporadic Kidney Cancer
[2025-10-13 21:44:58,563] [fetch] https://www.sciencedirect.com/science/article/abs/pii/S152994302500508X
[2025-10-13 21:44:58,991] HTTP Request: GET https://www.sciencedirect.com/science/article/abs/pii/S152994302500508X "HTTP/1.1 200 OK"
[2025-10-13 21:45:10,408] [summarize] P127. Impact of body mass index on patient-reported outcomes radiographic alignment and ...
[2025-10-13 21:45:10,412] [fetch] https://www.medscape.com/viewarticle/move-toward-assessing-well-being-psoriasis-biologic-2025a1000rgw
[2025-10-13 21:45:10,846] HTTP Request: GET https://www.medscape.com/viewarticle/move-toward-assessing-well-being-psoriasis-biologic-2025a1000rgw "HTTP/1.1 200 OK"
[2025-10-13 21:45:21,822] [summarize] New Patient Outcome Assessed in Psoriasis Biologic Trial - Medscape
[2025-10-13 21:45:21,827] [fetch] https://www.news10.com/business/press-releases/ein-presswire/856118342/outcomemd-launches-first-data-intelligence-network-for-healthcare-powered-by-patient-reported-outcomes
[2025-10-13 21:45:22,630] HTTP Request: GET https://www.news10.com/business/press-releases/ein-presswire/856118342/outcomemd-launches-first-data-intelligence-network-for-healthcare-powered-by-patient-reported-outcomes "HTTP/1.1 403 Forbidden"
[2025-10-13 21:45:25,826] [summarize] Capturing electronic patient reported outcomes in oncology practice. - ASCO Publications
[2025-10-13 21:45:25,835] [fetch] https://www.nature.com/articles/s41598-025-14553-4
[2025-10-13 21:45:26,115] HTTP Request: GET https://www.nature.com/articles/s41598-025-14553-4 "HTTP/1.1 303 See Other"
[2025-10-13 21:45:26,344] HTTP Request: GET https://idp.nature.com/authorize?response_type=cookie&client_id=grover&redirect_uri=https%3A%2F%2Fwww.nature.com%2Farticles%2Fs41598-025-14553-4 "HTTP/1.1 302 Found"
[2025-10-13 21:45:26,453] HTTP Request: GET https://idp.nature.com/transit?redirect_uri=https%3A%2F%2Fwww.nature.com%2Farticles%2Fs41598-025-14553-4&code=c7f2c6b0-b1b4-421a-b07a-ef50abe43ba2 "HTTP/1.1 302 Found"
[2025-10-13 21:45:26,727] HTTP Request: GET https://www.nature.com/articles/s41598-025-14553-4 "HTTP/1.1 200 OK"
[2025-10-13 21:45:41,487] [summarize] Patient-reported vision impairment in low luminance relates to visual function in age ... - Nature
[2025-10-13 21:45:48,021] [summarize] Patient-Reported Symptom Assessment and Early Chemotherapy Discontinuation in ... - medRxiv
[2025-10-13 21:45:56,236] [summarize] Patient-Reported Outcomes in Older Adults With Transthyretin Amyloid Cardiomyopathy - JACC
[2025-10-13 21:46:01,180] [summarize] Patient-Reported Outcomes in Older Adults With Transthyretin Amyloid Cardiomyopathy - JACC
[2025-10-13 21:46:09,915] [fetch][ERROR] Failed to fetch https://www.news10.com/business/press-releases/ein-presswire/856118342/outcomemd-launches-first-data-intelligence-network-for-healthcare-powered-by-patient-reported-outcomes: exhausted retries (last error: Failed to fetch https://www.news10.com/business/press-releases/ein-presswire/856118342/outcomemd-launches-first-data-intelligence-network-for-healthcare-powered-by-patient-reported-outcomes: crawlee fallback failed: subprocess failed: │ retry_histogram               │ [0, 0, 0, 0, 0, 0, 0, 0, 0, 1] │
│ request_avg_failed_duration   │ 415.4ms                        │
│ request_avg_finished_duration │ None                           │
│ requests_finished_per_minute  │ 0                              │
│ requests_failed_per_minute    │ 4                              │
│ request_total_duration        │ 415.4ms                        │
│ requests_total                │ 1                              │
│ crawler_runtime               │ 12.41s                         │
└───────────────────────────────┴────────────────────────────────┘
{"error": "Crawler finished without returning content"})
[2025-10-13 21:46:09,964] [digest] Created MIME email: /Users/randallnoval/Code/AppletScriptorium/runs/alert-20251013-214431/digest.eml (13914 bytes)
[2025-10-13 21:46:09,964] [missing] https://www.news10.com/business/press-releases/ein-presswire/856118342/outcomemd-launches-first-data-intelligence-network-for-healthcare-powered-by-patient-reported-outcomes — exhausted retries (last error: Failed to fetch https://www.news10.com/business/press-releases/ein-presswire/856118342/outcomemd-launches-first-data-intelligence-network-for-healthcare-powered-by-patient-reported-outcomes: crawlee fallback failed: subprocess failed: │ retry_histogram               │ [0, 0, 0, 0, 0, 0, 0, 0, 0, 1] │
│ request_avg_failed_duration   │ 415.4ms                        │
│ request_avg_finished_duration │ None                           │
│ requests_finished_per_minute  │ 0                              │
│ requests_failed_per_minute    │ 4                              │
│ request_total_duration        │ 415.4ms                        │
│ requests_total                │ 1                              │
│ crawler_runtime               │ 12.41s                         │
└───────────────────────────────┴────────────────────────────────┘
{"error": "Crawler finished without returning content"})
[2025-10-13 21:46:09,964] Run complete. Summaries generated: 9
