[2025-10-13 15:42:06,810] Output directory: /Users/randallnoval/Code/AppletScriptorium/runs/full-enhanced-20251013-154203
[2025-10-13 15:42:14,328] OK: wrote alert 68ecf9a7.050a0220.7e6d8.83f8googlealerts@google.com to /Users/randallnoval/Code/AppletScriptorium/runs/full-enhanced-20251013-154203/alert.eml
[2025-10-13 15:42:14,330] Extracting link metadata
[2025-10-13 15:42:14,350] [fetch] https://ascopubs.org/doi/10.1200/OP.2025.21.10_suppl.391
[2025-10-13 15:42:14,498] HTTP Request: GET https://ascopubs.org/doi/10.1200/OP.2025.21.10_suppl.391 "HTTP/1.1 403 Forbidden"
[2025-10-13 15:42:41,555] [summarize] Capturing electronic patient reported outcomes in oncology practice. - ASCO Publications
[2025-10-13 15:42:41,577] [fetch] https://www.jacc.org/doi/10.1016/j.jacadv.2025.102204
[2025-10-13 15:42:41,854] HTTP Request: GET https://www.jacc.org/doi/10.1016/j.jacadv.2025.102204 "HTTP/1.1 403 Forbidden"
[2025-10-13 15:43:17,156] [summarize] Patient-Reported Outcomes in Older Adults With Transthyretin Amyloid Cardiomyopathy - JACC
[2025-10-13 15:43:17,321] [fetch] https://ascopubs.org/doi/10.1200/OA-25-00051
[2025-10-13 15:43:18,721] HTTP Request: GET https://ascopubs.org/doi/10.1200/OA-25-00051 "HTTP/1.1 403 Forbidden"
[2025-10-13 15:43:52,174] [summarize] Patient-Reported Outcome Measures in Individuals With Hereditary or Sporadic Kidney Cancer
[2025-10-13 15:43:52,196] [fetch] https://www.medrxiv.org/content/10.1101/2025.10.07.25337194v1
[2025-10-13 15:43:53,400] HTTP Request: GET https://www.medrxiv.org/content/10.1101/2025.10.07.25337194v1 "HTTP/1.1 403 Forbidden"
[2025-10-13 15:44:19,418] [summarize] Patient-Reported Symptom Assessment and Early Chemotherapy Discontinuation in ... - medRxiv
[2025-10-13 15:44:19,483] [fetch] https://www.sciencedirect.com/science/article/pii/S2666638325002804
[2025-10-13 15:44:20,165] HTTP Request: GET https://www.sciencedirect.com/science/article/pii/S2666638325002804 "HTTP/1.1 200 OK"
[2025-10-13 15:44:35,618] [summarize] Strong Correlation of PROMIS Upper Extremity and Shoulder Arthroplasty Smart Score to ...
[2025-10-13 15:44:35,715] [fetch] https://www.jacc.org/doi/abs/10.1016/j.jacadv.2025.102204
[2025-10-13 15:44:36,023] HTTP Request: GET https://www.jacc.org/doi/abs/10.1016/j.jacadv.2025.102204 "HTTP/1.1 403 Forbidden"
[2025-10-13 15:44:58,836] [summarize] Patient-Reported Outcomes in Older Adults With Transthyretin Amyloid Cardiomyopathy - JACC
[2025-10-13 15:44:58,979] [fetch] https://www.sciencedirect.com/science/article/abs/pii/S152994302500508X
[2025-10-13 15:44:59,958] HTTP Request: GET https://www.sciencedirect.com/science/article/abs/pii/S152994302500508X "HTTP/1.1 200 OK"
[2025-10-13 15:45:20,214] [summarize] P127. Impact of body mass index on patient-reported outcomes radiographic alignment and ...
[2025-10-13 15:45:20,264] [fetch] https://www.medscape.com/viewarticle/move-toward-assessing-well-being-psoriasis-biologic-2025a1000rgw
[2025-10-13 15:45:21,591] HTTP Request: GET https://www.medscape.com/viewarticle/move-toward-assessing-well-being-psoriasis-biologic-2025a1000rgw "HTTP/1.1 200 OK"
[2025-10-13 15:45:53,485] [summarize] New Patient Outcome Assessed in Psoriasis Biologic Trial - Medscape
[2025-10-13 15:45:53,499] [fetch] https://www.news10.com/business/press-releases/ein-presswire/856118342/outcomemd-launches-first-data-intelligence-network-for-healthcare-powered-by-patient-reported-outcomes
[2025-10-13 15:45:53,773] HTTP Request: GET https://www.news10.com/business/press-releases/ein-presswire/856118342/outcomemd-launches-first-data-intelligence-network-for-healthcare-powered-by-patient-reported-outcomes "HTTP/1.1 403 Forbidden"
[2025-10-13 15:46:40,867] [fetch][ERROR] Failed to fetch https://www.news10.com/business/press-releases/ein-presswire/856118342/outcomemd-launches-first-data-intelligence-network-for-healthcare-powered-by-patient-reported-outcomes: exhausted retries (last error: Failed to fetch https://www.news10.com/business/press-releases/ein-presswire/856118342/outcomemd-launches-first-data-intelligence-network-for-healthcare-powered-by-patient-reported-outcomes: crawlee fallback failed: subprocess failed: │ retry_histogram               │ [0, 0, 0, 0, 0, 1] │
│ request_avg_failed_duration   │ 30.46s             │
│ request_avg_finished_duration │ None               │
│ requests_finished_per_minute  │ 0                  │
│ requests_failed_per_minute    │ 1                  │
│ request_total_duration        │ 30.46s             │
│ requests_total                │ 1                  │
│ crawler_runtime               │ 42.39s             │
└───────────────────────────────┴────────────────────┘
{"error": "Crawler finished without returning content"})
[2025-10-13 15:46:40,901] [fetch] https://www.nature.com/articles/s41598-025-14553-4
[2025-10-13 15:46:41,129] HTTP Request: GET https://www.nature.com/articles/s41598-025-14553-4 "HTTP/1.1 303 See Other"
[2025-10-13 15:46:41,280] HTTP Request: GET https://idp.nature.com/authorize?response_type=cookie&client_id=grover&redirect_uri=https%3A%2F%2Fwww.nature.com%2Farticles%2Fs41598-025-14553-4 "HTTP/1.1 302 Found"
[2025-10-13 15:46:41,391] HTTP Request: GET https://idp.nature.com/transit?redirect_uri=https%3A%2F%2Fwww.nature.com%2Farticles%2Fs41598-025-14553-4&code=67008e1b-7bd5-41a9-8998-e6b53ecafc06 "HTTP/1.1 302 Found"
[2025-10-13 15:46:41,877] HTTP Request: GET https://www.nature.com/articles/s41598-025-14553-4 "HTTP/1.1 200 OK"
[2025-10-13 15:47:14,358] [summarize] Patient-reported vision impairment in low luminance relates to visual function in age ... - Nature
[2025-10-13 15:47:14,485] [missing] https://www.news10.com/business/press-releases/ein-presswire/856118342/outcomemd-launches-first-data-intelligence-network-for-healthcare-powered-by-patient-reported-outcomes — exhausted retries (last error: Failed to fetch https://www.news10.com/business/press-releases/ein-presswire/856118342/outcomemd-launches-first-data-intelligence-network-for-healthcare-powered-by-patient-reported-outcomes: crawlee fallback failed: subprocess failed: │ retry_histogram               │ [0, 0, 0, 0, 0, 1] │
│ request_avg_failed_duration   │ 30.46s             │
│ request_avg_finished_duration │ None               │
│ requests_finished_per_minute  │ 0                  │
│ requests_failed_per_minute    │ 1                  │
│ request_total_duration        │ 30.46s             │
│ requests_total                │ 1                  │
│ crawler_runtime               │ 42.39s             │
└───────────────────────────────┴────────────────────┘
{"error": "Crawler finished without returning content"})
[2025-10-13 15:47:14,486] Run complete. Summaries generated: 9
