[2025-10-13 19:04:59,411] Output directory: /Users/randallnoval/Code/AppletScriptorium/runs/alert-20251013-190457
[2025-10-13 19:04:59,570] OK: wrote alert 68ecf9a7.050a0220.7e6d8.83f8googlealerts@google.com to /Users/randallnoval/Code/AppletScriptorium/runs/alert-20251013-190457/alert.eml
[2025-10-13 19:04:59,570] Extracting link metadata
[2025-10-13 19:04:59,579] [fetch] https://ascopubs.org/doi/10.1200/OP.2025.21.10_suppl.391
[2025-10-13 19:04:59,687] HTTP Request: GET https://ascopubs.org/doi/10.1200/OP.2025.21.10_suppl.391 "HTTP/1.1 403 Forbidden"
[2025-10-13 19:05:42,103] [summarize] Capturing electronic patient reported outcomes in oncology practice. - ASCO Publications
[2025-10-13 19:05:42,110] [fetch] https://www.jacc.org/doi/10.1016/j.jacadv.2025.102204
[2025-10-13 19:05:42,247] HTTP Request: GET https://www.jacc.org/doi/10.1016/j.jacadv.2025.102204 "HTTP/1.1 403 Forbidden"
[2025-10-13 19:06:01,052] [summarize] Patient-Reported Outcomes in Older Adults With Transthyretin Amyloid Cardiomyopathy - JACC
[2025-10-13 19:06:01,055] [fetch] https://ascopubs.org/doi/10.1200/OA-25-00051
[2025-10-13 19:06:01,127] HTTP Request: GET https://ascopubs.org/doi/10.1200/OA-25-00051 "HTTP/1.1 403 Forbidden"
[2025-10-13 19:06:19,509] [summarize] Patient-Reported Outcome Measures in Individuals With Hereditary or Sporadic Kidney Cancer
[2025-10-13 19:06:19,510] [fetch] https://www.medrxiv.org/content/10.1101/2025.10.07.25337194v1
[2025-10-13 19:06:19,713] HTTP Request: GET https://www.medrxiv.org/content/10.1101/2025.10.07.25337194v1 "HTTP/1.1 403 Forbidden"
[2025-10-13 19:06:36,311] [summarize] Patient-Reported Symptom Assessment and Early Chemotherapy Discontinuation in ... - medRxiv
[2025-10-13 19:06:36,313] [fetch] https://www.sciencedirect.com/science/article/pii/S2666638325002804
[2025-10-13 19:06:36,914] HTTP Request: GET https://www.sciencedirect.com/science/article/pii/S2666638325002804 "HTTP/1.1 200 OK"
[2025-10-13 19:06:42,879] [summarize] Strong Correlation of PROMIS Upper Extremity and Shoulder Arthroplasty Smart Score to ...
[2025-10-13 19:06:42,882] [fetch] https://www.jacc.org/doi/abs/10.1016/j.jacadv.2025.102204
[2025-10-13 19:06:42,951] HTTP Request: GET https://www.jacc.org/doi/abs/10.1016/j.jacadv.2025.102204 "HTTP/1.1 403 Forbidden"
[2025-10-13 19:06:55,391] [summarize] Patient-Reported Outcomes in Older Adults With Transthyretin Amyloid Cardiomyopathy - JACC
[2025-10-13 19:06:55,394] [fetch] https://www.sciencedirect.com/science/article/abs/pii/S152994302500508X
[2025-10-13 19:06:55,834] HTTP Request: GET https://www.sciencedirect.com/science/article/abs/pii/S152994302500508X "HTTP/1.1 200 OK"
[2025-10-13 19:07:02,751] [summarize] P127. Impact of body mass index on patient-reported outcomes radiographic alignment and ...
[2025-10-13 19:07:02,754] [fetch] https://www.medscape.com/viewarticle/move-toward-assessing-well-being-psoriasis-biologic-2025a1000rgw
[2025-10-13 19:07:02,881] HTTP Request: GET https://www.medscape.com/viewarticle/move-toward-assessing-well-being-psoriasis-biologic-2025a1000rgw "HTTP/1.1 200 OK"
[2025-10-13 19:07:13,333] [summarize] New Patient Outcome Assessed in Psoriasis Biologic Trial - Medscape
[2025-10-13 19:07:13,335] [fetch] https://www.news10.com/business/press-releases/ein-presswire/856118342/outcomemd-launches-first-data-intelligence-network-for-healthcare-powered-by-patient-reported-outcomes
[2025-10-13 19:07:13,448] HTTP Request: GET https://www.news10.com/business/press-releases/ein-presswire/856118342/outcomemd-launches-first-data-intelligence-network-for-healthcare-powered-by-patient-reported-outcomes "HTTP/1.1 403 Forbidden"
[2025-10-13 19:07:22,083] [fetch][ERROR] Failed to fetch https://www.news10.com/business/press-releases/ein-presswire/856118342/outcomemd-launches-first-data-intelligence-network-for-healthcare-powered-by-patient-reported-outcomes: exhausted retries (last error: Failed to fetch https://www.news10.com/business/press-releases/ein-presswire/856118342/outcomemd-launches-first-data-intelligence-network-for-healthcare-powered-by-patient-reported-outcomes: crawlee fallback failed: subprocess failed: │ retry_histogram               │ [0, 0, 0, 0, 0, 0, 0, 0, 0, 1] │
│ request_avg_failed_duration   │ 360.5ms                        │
│ request_avg_finished_duration │ None                           │
│ requests_finished_per_minute  │ 0                              │
│ requests_failed_per_minute    │ 8                              │
│ request_total_duration        │ 360.5ms                        │
│ requests_total                │ 1                              │
│ crawler_runtime               │ 6.77s                          │
└───────────────────────────────┴────────────────────────────────┘
{"error": "Crawler finished without returning content"})
[2025-10-13 19:07:22,100] [fetch] https://www.nature.com/articles/s41598-025-14553-4
[2025-10-13 19:07:22,314] HTTP Request: GET https://www.nature.com/articles/s41598-025-14553-4 "HTTP/1.1 303 See Other"
[2025-10-13 19:07:22,526] HTTP Request: GET https://idp.nature.com/authorize?response_type=cookie&client_id=grover&redirect_uri=https%3A%2F%2Fwww.nature.com%2Farticles%2Fs41598-025-14553-4 "HTTP/1.1 302 Found"
[2025-10-13 19:07:22,636] HTTP Request: GET https://idp.nature.com/transit?redirect_uri=https%3A%2F%2Fwww.nature.com%2Farticles%2Fs41598-025-14553-4&code=3e43c1d4-f3c1-4afd-8ddf-2f99d95498f6 "HTTP/1.1 302 Found"
[2025-10-13 19:07:23,177] HTTP Request: GET https://www.nature.com/articles/s41598-025-14553-4 "HTTP/1.1 200 OK"
[2025-10-13 19:07:39,523] [summarize] Patient-reported vision impairment in low luminance relates to visual function in age ... - Nature
[2025-10-13 19:07:39,532] [missing] https://www.news10.com/business/press-releases/ein-presswire/856118342/outcomemd-launches-first-data-intelligence-network-for-healthcare-powered-by-patient-reported-outcomes — exhausted retries (last error: Failed to fetch https://www.news10.com/business/press-releases/ein-presswire/856118342/outcomemd-launches-first-data-intelligence-network-for-healthcare-powered-by-patient-reported-outcomes: crawlee fallback failed: subprocess failed: │ retry_histogram               │ [0, 0, 0, 0, 0, 0, 0, 0, 0, 1] │
│ request_avg_failed_duration   │ 360.5ms                        │
│ request_avg_finished_duration │ None                           │
│ requests_finished_per_minute  │ 0                              │
│ requests_failed_per_minute    │ 8                              │
│ request_total_duration        │ 360.5ms                        │
│ requests_total                │ 1                              │
│ crawler_runtime               │ 6.77s                          │
└───────────────────────────────┴────────────────────────────────┘
{"error": "Crawler finished without returning content"})
[2025-10-13 19:07:39,532] Run complete. Summaries generated: 9
