[2025-10-13 22:01:24,036] Output directory: /Users/randallnoval/Code/AppletScriptorium/runs/alert-20251013-220122
[2025-10-13 22:01:24,037] Using existing alert.eml from Mail rule
[2025-10-13 22:01:24,037] Extracting link metadata
[2025-10-13 22:01:24,041] [fetch] https://www.frontiersin.org/journals/pharmacology/articles/10.3389/fphar.2025.1632474/epub
[2025-10-13 22:01:24,521] HTTP Request: GET https://www.frontiersin.org/journals/pharmacology/articles/10.3389/fphar.2025.1632474/epub "HTTP/1.1 200 OK"
[2025-10-13 22:01:24,977] error getting summary: 
Traceback (most recent call last):
  File "/Users/randallnoval/Library/Python/3.11/lib/python/site-packages/readability/readability.py", line 227, in summary
    self._html(True)
  File "/Users/randallnoval/Library/Python/3.11/lib/python/site-packages/readability/readability.py", line 153, in _html
    self.html = self._parse(self.input)
                ^^^^^^^^^^^^^^^^^^^^^^^
  File "/Users/randallnoval/Library/Python/3.11/lib/python/site-packages/readability/readability.py", line 167, in _parse
    doc = html_cleaner.clean_html(doc)
          ^^^^^^^^^^^^^^^^^^^^^^^^^^^^
  File "/Users/randallnoval/Library/Python/3.11/lib/python/site-packages/lxml_html_clean/clean.py", line 633, in clean_html
    self(doc)
  File "/Users/randallnoval/Library/Python/3.11/lib/python/site-packages/lxml_html_clean/clean.py", line 452, in __call__
    _kill.popleft().drop_tree()  # popleft to start with innermost elements
    ^^^^^^^^^^^^^^^^^^^^^^^^^^^
  File "/Users/randallnoval/Library/Python/3.11/lib/python/site-packages/lxml/html/__init__.py", line 324, in drop_tree
    parent.text = (parent.text or '') + self.tail
    ^^^^^^^^^^^
  File "src/lxml/etree.pyx", line 1163, in lxml.etree._Element.text.__set__
  File "src/lxml/apihelpers.pxi", line 749, in lxml.etree._setNodeText
  File "src/lxml/apihelpers.pxi", line 737, in lxml.etree._createTextNode
  File "src/lxml/apihelpers.pxi", line 1538, in lxml.etree._utf8
ValueError: All strings must be XML compatible: Unicode or ASCII, no NULL bytes or control characters
[2025-10-13 22:01:55,862] [summarize] Digital interventions in medication adherence: a narrative review of current evidence and challenges
[2025-10-13 22:01:55,906] [digest] Created MIME email: /Users/randallnoval/Code/AppletScriptorium/runs/alert-20251013-220122/digest.eml (2737 bytes)
[2025-10-13 22:01:55,906] Run complete. Summaries generated: 1
